[4.984s] Invoking command in '/home/stipe/weedingRobot/src/coordinate_sender': PYTHONPATH=/home/stipe/weedingRobot/src/build/coordinate_sender/prefix_override:/usr/lib/python3/dist-packages/colcon_core/task/python/colcon_distutils_commands:/home/stipe/weedingRobot/src/install/coordinate_sender/lib/python3.12/site-packages:${PYTHONPATH} /usr/bin/python3 -W ignore:setup.py install is deprecated -W ignore:easy_install command is deprecated setup.py egg_info --egg-base ../build/coordinate_sender build --build-base /home/stipe/weedingRobot/src/build/coordinate_sender/build install --record /home/stipe/weedingRobot/src/build/coordinate_sender/install.log --single-version-externally-managed install_data
[5.312s] running egg_info
[5.333s] writing ../build/coordinate_sender/coordinate_sender.egg-info/PKG-INFO
[5.333s] writing dependency_links to ../build/coordinate_sender/coordinate_sender.egg-info/dependency_links.txt
[5.334s] writing entry points to ../build/coordinate_sender/coordinate_sender.egg-info/entry_points.txt
[5.334s] writing requirements to ../build/coordinate_sender/coordinate_sender.egg-info/requires.txt
[5.334s] writing top-level names to ../build/coordinate_sender/coordinate_sender.egg-info/top_level.txt
[5.378s] reading manifest file '../build/coordinate_sender/coordinate_sender.egg-info/SOURCES.txt'
[5.379s] writing manifest file '../build/coordinate_sender/coordinate_sender.egg-info/SOURCES.txt'
[5.379s] running build
[5.379s] running build_py
[5.379s] copying coordinate_sender/sender.py -> /home/stipe/weedingRobot/src/build/coordinate_sender/build/lib/coordinate_sender
[5.380s] running install
[5.389s] running install_lib
[5.411s] copying /home/stipe/weedingRobot/src/build/coordinate_sender/build/lib/coordinate_sender/sender.py -> /home/stipe/weedingRobot/src/install/coordinate_sender/lib/python3.12/site-packages/coordinate_sender
[5.412s] byte-compiling /home/stipe/weedingRobot/src/install/coordinate_sender/lib/python3.12/site-packages/coordinate_sender/sender.py to sender.cpython-312.pyc
[5.413s] running install_data
[5.413s] running install_egg_info
[5.437s] removing '/home/stipe/weedingRobot/src/install/coordinate_sender/lib/python3.12/site-packages/coordinate_sender-0.0.0-py3.12.egg-info' (and everything under it)
[5.437s] Copying ../build/coordinate_sender/coordinate_sender.egg-info to /home/stipe/weedingRobot/src/install/coordinate_sender/lib/python3.12/site-packages/coordinate_sender-0.0.0-py3.12.egg-info
[5.439s] running install_scripts
[5.591s] Installing sender script to /home/stipe/weedingRobot/src/install/coordinate_sender/lib/coordinate_sender
[5.592s] writing list of installed files to '/home/stipe/weedingRobot/src/build/coordinate_sender/install.log'
[5.663s] Invoked command in '/home/stipe/weedingRobot/src/coordinate_sender' returned '0': PYTHONPATH=/home/stipe/weedingRobot/src/build/coordinate_sender/prefix_override:/usr/lib/python3/dist-packages/colcon_core/task/python/colcon_distutils_commands:/home/stipe/weedingRobot/src/install/coordinate_sender/lib/python3.12/site-packages:${PYTHONPATH} /usr/bin/python3 -W ignore:setup.py install is deprecated -W ignore:easy_install command is deprecated setup.py egg_info --egg-base ../build/coordinate_sender build --build-base /home/stipe/weedingRobot/src/build/coordinate_sender/build install --record /home/stipe/weedingRobot/src/build/coordinate_sender/install.log --single-version-externally-managed install_data
