running egg_info
creating ../build/coordinate_sender/coordinate_sender.egg-info
writing ../build/coordinate_sender/coordinate_sender.egg-info/PKG-INFO
writing dependency_links to ../build/coordinate_sender/coordinate_sender.egg-info/dependency_links.txt
writing entry points to ../build/coordinate_sender/coordinate_sender.egg-info/entry_points.txt
writing requirements to ../build/coordinate_sender/coordinate_sender.egg-info/requires.txt
writing top-level names to ../build/coordinate_sender/coordinate_sender.egg-info/top_level.txt
writing manifest file '../build/coordinate_sender/coordinate_sender.egg-info/SOURCES.txt'
reading manifest file '../build/coordinate_sender/coordinate_sender.egg-info/SOURCES.txt'
writing manifest file '../build/coordinate_sender/coordinate_sender.egg-info/SOURCES.txt'
running build
running build_py
creating /home/stipe/weedingRobot/src/build/coordinate_sender/build
creating /home/stipe/weedingRobot/src/build/coordinate_sender/build/lib
creating /home/stipe/weedingRobot/src/build/coordinate_sender/build/lib/coordinate_sender
copying coordinate_sender/sender.py -> /home/stipe/weedingRobot/src/build/coordinate_sender/build/lib/coordinate_sender
copying coordinate_sender/__init__.py -> /home/stipe/weedingRobot/src/build/coordinate_sender/build/lib/coordinate_sender
running install
running install_lib
creating /home/stipe/weedingRobot/src/install/coordinate_sender/lib/python3.12/site-packages/coordinate_sender
copying /home/stipe/weedingRobot/src/build/coordinate_sender/build/lib/coordinate_sender/sender.py -> /home/stipe/weedingRobot/src/install/coordinate_sender/lib/python3.12/site-packages/coordinate_sender
copying /home/stipe/weedingRobot/src/build/coordinate_sender/build/lib/coordinate_sender/__init__.py -> /home/stipe/weedingRobot/src/install/coordinate_sender/lib/python3.12/site-packages/coordinate_sender
byte-compiling /home/stipe/weedingRobot/src/install/coordinate_sender/lib/python3.12/site-packages/coordinate_sender/sender.py to sender.cpython-312.pyc
byte-compiling /home/stipe/weedingRobot/src/install/coordinate_sender/lib/python3.12/site-packages/coordinate_sender/__init__.py to __init__.cpython-312.pyc
running install_data
creating /home/stipe/weedingRobot/src/install/coordinate_sender/share/ament_index
creating /home/stipe/weedingRobot/src/install/coordinate_sender/share/ament_index/resource_index
creating /home/stipe/weedingRobot/src/install/coordinate_sender/share/ament_index/resource_index/packages
copying resource/coordinate_sender -> /home/stipe/weedingRobot/src/install/coordinate_sender/share/ament_index/resource_index/packages
copying package.xml -> /home/stipe/weedingRobot/src/install/coordinate_sender/share/coordinate_sender
running install_egg_info
Copying ../build/coordinate_sender/coordinate_sender.egg-info to /home/stipe/weedingRobot/src/install/coordinate_sender/lib/python3.12/site-packages/coordinate_sender-0.0.0-py3.12.egg-info
running install_scripts
Installing sender script to /home/stipe/weedingRobot/src/install/coordinate_sender/lib/coordinate_sender
writing list of installed files to '/home/stipe/weedingRobot/src/build/coordinate_sender/install.log'
