[1.617s] Invoking command in '/home/stipe/weedingRobot/src/coordinate_sender': PYTHONPATH=/home/stipe/weedingRobot/src/build/coordinate_sender/prefix_override:/usr/lib/python3/dist-packages/colcon_core/task/python/colcon_distutils_commands:/home/stipe/weedingRobot/src/install/coordinate_sender/lib/python3.12/site-packages:${PYTHONPATH} /usr/bin/python3 -W ignore:setup.py install is deprecated -W ignore:easy_install command is deprecated setup.py egg_info --egg-base ../build/coordinate_sender build --build-base /home/stipe/weedingRobot/src/build/coordinate_sender/build install --record /home/stipe/weedingRobot/src/build/coordinate_sender/install.log --single-version-externally-managed install_data
[1.941s] running egg_info
[1.941s] creating ../build/coordinate_sender/coordinate_sender.egg-info
[1.962s] writing ../build/coordinate_sender/coordinate_sender.egg-info/PKG-INFO
[1.962s] writing dependency_links to ../build/coordinate_sender/coordinate_sender.egg-info/dependency_links.txt
[1.962s] writing entry points to ../build/coordinate_sender/coordinate_sender.egg-info/entry_points.txt
[1.963s] writing requirements to ../build/coordinate_sender/coordinate_sender.egg-info/requires.txt
[1.963s] writing top-level names to ../build/coordinate_sender/coordinate_sender.egg-info/top_level.txt
[1.963s] writing manifest file '../build/coordinate_sender/coordinate_sender.egg-info/SOURCES.txt'
[2.005s] reading manifest file '../build/coordinate_sender/coordinate_sender.egg-info/SOURCES.txt'
[2.006s] writing manifest file '../build/coordinate_sender/coordinate_sender.egg-info/SOURCES.txt'
[2.007s] running build
[2.007s] running build_py
[2.007s] creating /home/stipe/weedingRobot/src/build/coordinate_sender/build
[2.007s] creating /home/stipe/weedingRobot/src/build/coordinate_sender/build/lib
[2.007s] creating /home/stipe/weedingRobot/src/build/coordinate_sender/build/lib/coordinate_sender
[2.007s] copying coordinate_sender/sender.py -> /home/stipe/weedingRobot/src/build/coordinate_sender/build/lib/coordinate_sender
[2.007s] copying coordinate_sender/__init__.py -> /home/stipe/weedingRobot/src/build/coordinate_sender/build/lib/coordinate_sender
[2.008s] running install
[2.017s] running install_lib
[2.039s] creating /home/stipe/weedingRobot/src/install/coordinate_sender/lib/python3.12/site-packages/coordinate_sender
[2.040s] copying /home/stipe/weedingRobot/src/build/coordinate_sender/build/lib/coordinate_sender/sender.py -> /home/stipe/weedingRobot/src/install/coordinate_sender/lib/python3.12/site-packages/coordinate_sender
[2.040s] copying /home/stipe/weedingRobot/src/build/coordinate_sender/build/lib/coordinate_sender/__init__.py -> /home/stipe/weedingRobot/src/install/coordinate_sender/lib/python3.12/site-packages/coordinate_sender
[2.040s] byte-compiling /home/stipe/weedingRobot/src/install/coordinate_sender/lib/python3.12/site-packages/coordinate_sender/sender.py to sender.cpython-312.pyc
[2.041s] byte-compiling /home/stipe/weedingRobot/src/install/coordinate_sender/lib/python3.12/site-packages/coordinate_sender/__init__.py to __init__.cpython-312.pyc
[2.042s] running install_data
[2.042s] creating /home/stipe/weedingRobot/src/install/coordinate_sender/share/ament_index
[2.042s] creating /home/stipe/weedingRobot/src/install/coordinate_sender/share/ament_index/resource_index
[2.042s] creating /home/stipe/weedingRobot/src/install/coordinate_sender/share/ament_index/resource_index/packages
[2.042s] copying resource/coordinate_sender -> /home/stipe/weedingRobot/src/install/coordinate_sender/share/ament_index/resource_index/packages
[2.043s] copying package.xml -> /home/stipe/weedingRobot/src/install/coordinate_sender/share/coordinate_sender
[2.043s] running install_egg_info
[2.168s] Copying ../build/coordinate_sender/coordinate_sender.egg-info to /home/stipe/weedingRobot/src/install/coordinate_sender/lib/python3.12/site-packages/coordinate_sender-0.0.0-py3.12.egg-info
[2.169s] running install_scripts
[2.327s] Installing sender script to /home/stipe/weedingRobot/src/install/coordinate_sender/lib/coordinate_sender
[2.327s] writing list of installed files to '/home/stipe/weedingRobot/src/build/coordinate_sender/install.log'
[2.405s] Invoked command in '/home/stipe/weedingRobot/src/coordinate_sender' returned '0': PYTHONPATH=/home/stipe/weedingRobot/src/build/coordinate_sender/prefix_override:/usr/lib/python3/dist-packages/colcon_core/task/python/colcon_distutils_commands:/home/stipe/weedingRobot/src/install/coordinate_sender/lib/python3.12/site-packages:${PYTHONPATH} /usr/bin/python3 -W ignore:setup.py install is deprecated -W ignore:easy_install command is deprecated setup.py egg_info --egg-base ../build/coordinate_sender build --build-base /home/stipe/weedingRobot/src/build/coordinate_sender/build install --record /home/stipe/weedingRobot/src/build/coordinate_sender/install.log --single-version-externally-managed install_data
