[3.541s] Invoking command in '/home/stipe/weedingRobot/src/coordinate_sender': PYTHONPATH=/home/stipe/weedingRobot/src/build/coordinate_sender/prefix_override:/usr/lib/python3/dist-packages/colcon_core/task/python/colcon_distutils_commands:/home/stipe/weedingRobot/src/install/coordinate_sender/lib/python3.12/site-packages:${PYTHONPATH} /usr/bin/python3 -W ignore:setup.py install is deprecated -W ignore:easy_install command is deprecated setup.py egg_info --egg-base ../build/coordinate_sender build --build-base /home/stipe/weedingRobot/src/build/coordinate_sender/build install --record /home/stipe/weedingRobot/src/build/coordinate_sender/install.log --single-version-externally-managed install_data
[3.863s] running egg_info
[3.883s] writing ../build/coordinate_sender/coordinate_sender.egg-info/PKG-INFO
[3.884s] writing dependency_links to ../build/coordinate_sender/coordinate_sender.egg-info/dependency_links.txt
[3.884s] writing entry points to ../build/coordinate_sender/coordinate_sender.egg-info/entry_points.txt
[3.884s] writing requirements to ../build/coordinate_sender/coordinate_sender.egg-info/requires.txt
[3.884s] writing top-level names to ../build/coordinate_sender/coordinate_sender.egg-info/top_level.txt
[3.927s] reading manifest file '../build/coordinate_sender/coordinate_sender.egg-info/SOURCES.txt'
[3.928s] writing manifest file '../build/coordinate_sender/coordinate_sender.egg-info/SOURCES.txt'
[3.928s] running build
[3.928s] running build_py
[3.929s] copying coordinate_sender/sender.py -> /home/stipe/weedingRobot/src/build/coordinate_sender/build/lib/coordinate_sender
[3.929s] running install
[3.939s] running install_lib
[3.961s] copying /home/stipe/weedingRobot/src/build/coordinate_sender/build/lib/coordinate_sender/sender.py -> /home/stipe/weedingRobot/src/install/coordinate_sender/lib/python3.12/site-packages/coordinate_sender
[3.961s] byte-compiling /home/stipe/weedingRobot/src/install/coordinate_sender/lib/python3.12/site-packages/coordinate_sender/sender.py to sender.cpython-312.pyc
[3.963s] running install_data
[3.963s] running install_egg_info
[3.986s] removing '/home/stipe/weedingRobot/src/install/coordinate_sender/lib/python3.12/site-packages/coordinate_sender-0.0.0-py3.12.egg-info' (and everything under it)
[3.986s] Copying ../build/coordinate_sender/coordinate_sender.egg-info to /home/stipe/weedingRobot/src/install/coordinate_sender/lib/python3.12/site-packages/coordinate_sender-0.0.0-py3.12.egg-info
[3.987s] running install_scripts
[4.140s] Installing sender script to /home/stipe/weedingRobot/src/install/coordinate_sender/lib/coordinate_sender
[4.140s] writing list of installed files to '/home/stipe/weedingRobot/src/build/coordinate_sender/install.log'
[4.213s] Invoked command in '/home/stipe/weedingRobot/src/coordinate_sender' returned '0': PYTHONPATH=/home/stipe/weedingRobot/src/build/coordinate_sender/prefix_override:/usr/lib/python3/dist-packages/colcon_core/task/python/colcon_distutils_commands:/home/stipe/weedingRobot/src/install/coordinate_sender/lib/python3.12/site-packages:${PYTHONPATH} /usr/bin/python3 -W ignore:setup.py install is deprecated -W ignore:easy_install command is deprecated setup.py egg_info --egg-base ../build/coordinate_sender build --build-base /home/stipe/weedingRobot/src/build/coordinate_sender/build install --record /home/stipe/weedingRobot/src/build/coordinate_sender/install.log --single-version-externally-managed install_data
