[0.140s] DEBUG:colcon:Command line arguments: ['/usr/bin/colcon', 'build', '--packages-select', 'coordinate_sender']
[0.140s] DEBUG:colcon:Parsed command line arguments: Namespace(log_base=None, log_level=None, verb_name='build', build_base='build', install_base='install', merge_install=False, symlink_install=False, test_result_base=None, continue_on_error=False, executor='parallel', parallel_workers=4, event_handlers=None, ignore_user_meta=False, metas=['./colcon.meta'], base_paths=['.'], packages_ignore=None, packages_ignore_regex=None, paths=None, packages_up_to=None, packages_up_to_regex=None, packages_above=None, packages_above_and_dependencies=None, packages_above_depth=None, packages_select_by_dep=None, packages_skip_by_dep=None, packages_skip_up_to=None, packages_select_build_failed=False, packages_skip_build_finished=False, packages_select_test_failures=False, packages_skip_test_passed=False, packages_select=['coordinate_sender'], packages_skip=None, packages_select_regex=None, packages_skip_regex=None, packages_start=None, packages_end=None, allow_overriding=[], cmake_args=None, cmake_target=None, cmake_target_skip_unavailable=False, cmake_clean_cache=False, cmake_clean_first=False, cmake_force_configure=False, ament_cmake_args=None, catkin_cmake_args=None, catkin_skip_building_tests=False, mixin_files=None, mixin=None, verb_parser=<colcon_mixin.mixin.mixin_argument.MixinArgumentDecorator object at 0xffff959bc050>, verb_extension=<colcon_core.verb.build.BuildVerb object at 0xffff95b70710>, main=<bound method BuildVerb.main of <colcon_core.verb.build.BuildVerb object at 0xffff95b70710>>, mixin_verb=('build',))
[0.196s] Level 1:colcon.colcon_core.package_discovery:discover_packages(colcon_meta) check parameters
[0.196s] Level 1:colcon.colcon_core.package_discovery:discover_packages(recursive) check parameters
[0.196s] Level 1:colcon.colcon_core.package_discovery:discover_packages(ignore) check parameters
[0.196s] Level 1:colcon.colcon_core.package_discovery:discover_packages(path) check parameters
[0.196s] Level 1:colcon.colcon_core.package_discovery:discover_packages(colcon_meta) discover
[0.196s] Level 1:colcon.colcon_core.package_discovery:discover_packages(recursive) discover
[0.196s] INFO:colcon.colcon_core.package_discovery:Crawling recursively for packages in '/home/stipe/weedingRobot/src'
[0.196s] Level 1:colcon.colcon_core.package_identification:_identify(.) by extensions ['ignore', 'ignore_ament_install']
[0.196s] Level 1:colcon.colcon_core.package_identification:_identify(.) by extension 'ignore'
[0.196s] Level 1:colcon.colcon_core.package_identification:_identify(.) by extension 'ignore_ament_install'
[0.196s] Level 1:colcon.colcon_core.package_identification:_identify(.) by extensions ['colcon_pkg']
[0.196s] Level 1:colcon.colcon_core.package_identification:_identify(.) by extension 'colcon_pkg'
[0.197s] Level 1:colcon.colcon_core.package_identification:_identify(.) by extensions ['colcon_meta']
[0.197s] Level 1:colcon.colcon_core.package_identification:_identify(.) by extension 'colcon_meta'
[0.197s] Level 1:colcon.colcon_core.package_identification:_identify(.) by extensions ['ros']
[0.197s] Level 1:colcon.colcon_core.package_identification:_identify(.) by extension 'ros'
[0.233s] Level 1:colcon.colcon_core.package_identification:_identify(.) by extensions ['cmake', 'python']
[0.234s] Level 1:colcon.colcon_core.package_identification:_identify(.) by extension 'cmake'
[0.234s] Level 1:colcon.colcon_core.package_identification:_identify(.) by extension 'python'
[0.234s] Level 1:colcon.colcon_core.package_identification:_identify(.) by extensions ['python_setup_py']
[0.234s] Level 1:colcon.colcon_core.package_identification:_identify(.) by extension 'python_setup_py'
[0.234s] Level 1:colcon.colcon_core.package_identification:_identify(ai) by extensions ['ignore', 'ignore_ament_install']
[0.234s] Level 1:colcon.colcon_core.package_identification:_identify(ai) by extension 'ignore'
[0.234s] Level 1:colcon.colcon_core.package_identification:_identify(ai) by extension 'ignore_ament_install'
[0.234s] Level 1:colcon.colcon_core.package_identification:_identify(ai) by extensions ['colcon_pkg']
[0.234s] Level 1:colcon.colcon_core.package_identification:_identify(ai) by extension 'colcon_pkg'
[0.234s] Level 1:colcon.colcon_core.package_identification:_identify(ai) by extensions ['colcon_meta']
[0.234s] Level 1:colcon.colcon_core.package_identification:_identify(ai) by extension 'colcon_meta'
[0.234s] Level 1:colcon.colcon_core.package_identification:_identify(ai) by extensions ['ros']
[0.234s] Level 1:colcon.colcon_core.package_identification:_identify(ai) by extension 'ros'
[0.237s] DEBUG:colcon.colcon_core.package_identification:Package 'ai' with type 'ros.ament_python' and name 'ai'
[0.237s] Level 1:colcon.colcon_core.package_identification:_identify(build) by extensions ['ignore', 'ignore_ament_install']
[0.238s] Level 1:colcon.colcon_core.package_identification:_identify(build) by extension 'ignore'
[0.238s] Level 1:colcon.colcon_core.package_identification:_identify(build) ignored
[0.238s] Level 1:colcon.colcon_core.package_identification:_identify(burn) by extensions ['ignore', 'ignore_ament_install']
[0.238s] Level 1:colcon.colcon_core.package_identification:_identify(burn) by extension 'ignore'
[0.238s] Level 1:colcon.colcon_core.package_identification:_identify(burn) by extension 'ignore_ament_install'
[0.238s] Level 1:colcon.colcon_core.package_identification:_identify(burn) by extensions ['colcon_pkg']
[0.238s] Level 1:colcon.colcon_core.package_identification:_identify(burn) by extension 'colcon_pkg'
[0.238s] Level 1:colcon.colcon_core.package_identification:_identify(burn) by extensions ['colcon_meta']
[0.238s] Level 1:colcon.colcon_core.package_identification:_identify(burn) by extension 'colcon_meta'
[0.238s] Level 1:colcon.colcon_core.package_identification:_identify(burn) by extensions ['ros']
[0.238s] Level 1:colcon.colcon_core.package_identification:_identify(burn) by extension 'ros'
[0.239s] DEBUG:colcon.colcon_core.package_identification:Package 'burn' with type 'ros.ament_python' and name 'burn'
[0.239s] Level 1:colcon.colcon_core.package_identification:_identify(coordinate_sender) by extensions ['ignore', 'ignore_ament_install']
[0.239s] Level 1:colcon.colcon_core.package_identification:_identify(coordinate_sender) by extension 'ignore'
[0.239s] Level 1:colcon.colcon_core.package_identification:_identify(coordinate_sender) by extension 'ignore_ament_install'
[0.239s] Level 1:colcon.colcon_core.package_identification:_identify(coordinate_sender) by extensions ['colcon_pkg']
[0.239s] Level 1:colcon.colcon_core.package_identification:_identify(coordinate_sender) by extension 'colcon_pkg'
[0.239s] Level 1:colcon.colcon_core.package_identification:_identify(coordinate_sender) by extensions ['colcon_meta']
[0.239s] Level 1:colcon.colcon_core.package_identification:_identify(coordinate_sender) by extension 'colcon_meta'
[0.239s] Level 1:colcon.colcon_core.package_identification:_identify(coordinate_sender) by extensions ['ros']
[0.239s] Level 1:colcon.colcon_core.package_identification:_identify(coordinate_sender) by extension 'ros'
[0.240s] DEBUG:colcon.colcon_core.package_identification:Package 'coordinate_sender' with type 'ros.ament_python' and name 'coordinate_sender'
[0.240s] Level 1:colcon.colcon_core.package_identification:_identify(install) by extensions ['ignore', 'ignore_ament_install']
[0.240s] Level 1:colcon.colcon_core.package_identification:_identify(install) by extension 'ignore'
[0.240s] Level 1:colcon.colcon_core.package_identification:_identify(install) ignored
[0.240s] Level 1:colcon.colcon_core.package_identification:_identify(log) by extensions ['ignore', 'ignore_ament_install']
[0.240s] Level 1:colcon.colcon_core.package_identification:_identify(log) by extension 'ignore'
[0.240s] Level 1:colcon.colcon_core.package_identification:_identify(log) ignored
[0.240s] Level 1:colcon.colcon_core.package_identification:_identify(stepper_control) by extensions ['ignore', 'ignore_ament_install']
[0.240s] Level 1:colcon.colcon_core.package_identification:_identify(stepper_control) by extension 'ignore'
[0.241s] Level 1:colcon.colcon_core.package_identification:_identify(stepper_control) by extension 'ignore_ament_install'
[0.241s] Level 1:colcon.colcon_core.package_identification:_identify(stepper_control) by extensions ['colcon_pkg']
[0.241s] Level 1:colcon.colcon_core.package_identification:_identify(stepper_control) by extension 'colcon_pkg'
[0.241s] Level 1:colcon.colcon_core.package_identification:_identify(stepper_control) by extensions ['colcon_meta']
[0.241s] Level 1:colcon.colcon_core.package_identification:_identify(stepper_control) by extension 'colcon_meta'
[0.241s] Level 1:colcon.colcon_core.package_identification:_identify(stepper_control) by extensions ['ros']
[0.241s] Level 1:colcon.colcon_core.package_identification:_identify(stepper_control) by extension 'ros'
[0.241s] DEBUG:colcon.colcon_core.package_identification:Package 'stepper_control' with type 'ros.ament_python' and name 'stepper_control'
[0.241s] Level 1:colcon.colcon_core.package_identification:_identify(wheel_control) by extensions ['ignore', 'ignore_ament_install']
[0.241s] Level 1:colcon.colcon_core.package_identification:_identify(wheel_control) by extension 'ignore'
[0.241s] Level 1:colcon.colcon_core.package_identification:_identify(wheel_control) by extension 'ignore_ament_install'
[0.242s] Level 1:colcon.colcon_core.package_identification:_identify(wheel_control) by extensions ['colcon_pkg']
[0.242s] Level 1:colcon.colcon_core.package_identification:_identify(wheel_control) by extension 'colcon_pkg'
[0.242s] Level 1:colcon.colcon_core.package_identification:_identify(wheel_control) by extensions ['colcon_meta']
[0.242s] Level 1:colcon.colcon_core.package_identification:_identify(wheel_control) by extension 'colcon_meta'
[0.242s] Level 1:colcon.colcon_core.package_identification:_identify(wheel_control) by extensions ['ros']
[0.242s] Level 1:colcon.colcon_core.package_identification:_identify(wheel_control) by extension 'ros'
[0.242s] DEBUG:colcon.colcon_core.package_identification:Package 'wheel_control' with type 'ros.ament_python' and name 'wheel_control'
[0.242s] Level 1:colcon.colcon_core.package_discovery:discover_packages(recursive) using defaults
[0.242s] Level 1:colcon.colcon_core.package_discovery:discover_packages(ignore) discover
[0.242s] Level 1:colcon.colcon_core.package_discovery:discover_packages(ignore) using defaults
[0.242s] Level 1:colcon.colcon_core.package_discovery:discover_packages(path) discover
[0.243s] Level 1:colcon.colcon_core.package_discovery:discover_packages(path) using defaults
[0.266s] INFO:colcon.colcon_core.package_selection:Skipping not selected package 'ai' in 'ai'
[0.267s] INFO:colcon.colcon_core.package_selection:Skipping not selected package 'burn' in 'burn'
[0.267s] INFO:colcon.colcon_core.package_selection:Skipping not selected package 'stepper_control' in 'stepper_control'
[0.267s] INFO:colcon.colcon_core.package_selection:Skipping not selected package 'wheel_control' in 'wheel_control'
[0.267s] Level 1:colcon.colcon_core.package_discovery:discover_packages(prefix_path) check parameters
[0.267s] Level 1:colcon.colcon_core.package_discovery:discover_packages(prefix_path) discover
[0.270s] DEBUG:colcon.colcon_installed_package_information.package_discovery:Found 1 installed packages in /home/stipe/weedingRobot/src/install
[0.271s] DEBUG:colcon.colcon_installed_package_information.package_discovery:Found 203 installed packages in /opt/ros/kilted
[0.272s] Level 1:colcon.colcon_core.package_discovery:discover_packages(prefix_path) using defaults
[0.315s] Level 5:colcon.colcon_core.verb:set package 'coordinate_sender' build argument 'cmake_args' from command line to 'None'
[0.315s] Level 5:colcon.colcon_core.verb:set package 'coordinate_sender' build argument 'cmake_target' from command line to 'None'
[0.315s] Level 5:colcon.colcon_core.verb:set package 'coordinate_sender' build argument 'cmake_target_skip_unavailable' from command line to 'False'
[0.315s] Level 5:colcon.colcon_core.verb:set package 'coordinate_sender' build argument 'cmake_clean_cache' from command line to 'False'
[0.315s] Level 5:colcon.colcon_core.verb:set package 'coordinate_sender' build argument 'cmake_clean_first' from command line to 'False'
[0.315s] Level 5:colcon.colcon_core.verb:set package 'coordinate_sender' build argument 'cmake_force_configure' from command line to 'False'
[0.315s] Level 5:colcon.colcon_core.verb:set package 'coordinate_sender' build argument 'ament_cmake_args' from command line to 'None'
[0.315s] Level 5:colcon.colcon_core.verb:set package 'coordinate_sender' build argument 'catkin_cmake_args' from command line to 'None'
[0.315s] Level 5:colcon.colcon_core.verb:set package 'coordinate_sender' build argument 'catkin_skip_building_tests' from command line to 'False'
[0.315s] DEBUG:colcon.colcon_core.verb:Building package 'coordinate_sender' with the following arguments: {'ament_cmake_args': None, 'build_base': '/home/stipe/weedingRobot/src/build/coordinate_sender', 'catkin_cmake_args': None, 'catkin_skip_building_tests': False, 'cmake_args': None, 'cmake_clean_cache': False, 'cmake_clean_first': False, 'cmake_force_configure': False, 'cmake_target': None, 'cmake_target_skip_unavailable': False, 'install_base': '/home/stipe/weedingRobot/src/install/coordinate_sender', 'merge_install': False, 'path': '/home/stipe/weedingRobot/src/coordinate_sender', 'symlink_install': False, 'test_result_base': None}
[0.315s] INFO:colcon.colcon_core.executor:Executing jobs using 'parallel' executor
[0.317s] DEBUG:colcon.colcon_parallel_executor.executor.parallel:run_until_complete
[0.317s] INFO:colcon.colcon_ros.task.ament_python.build:Building ROS package in '/home/stipe/weedingRobot/src/coordinate_sender' with build type 'ament_python'
[0.317s] Level 1:colcon.colcon_core.shell:create_environment_hook('coordinate_sender', 'ament_prefix_path')
[0.320s] INFO:colcon.colcon_core.plugin_system:Skipping extension 'colcon_core.shell.bat': Not used on non-Windows systems
[0.320s] INFO:colcon.colcon_core.shell:Creating environment hook '/home/stipe/weedingRobot/src/install/coordinate_sender/share/coordinate_sender/hook/ament_prefix_path.ps1'
[0.321s] INFO:colcon.colcon_core.shell:Creating environment descriptor '/home/stipe/weedingRobot/src/install/coordinate_sender/share/coordinate_sender/hook/ament_prefix_path.dsv'
[0.322s] INFO:colcon.colcon_core.shell:Creating environment hook '/home/stipe/weedingRobot/src/install/coordinate_sender/share/coordinate_sender/hook/ament_prefix_path.sh'
[0.323s] INFO:colcon.colcon_core.shell:Skip shell extension 'powershell' for command environment: Not usable outside of PowerShell
[0.323s] DEBUG:colcon.colcon_core.shell:Skip shell extension 'dsv' for command environment
[0.625s] INFO:colcon.colcon_core.task.python.build:Building Python package in '/home/stipe/weedingRobot/src/coordinate_sender'
[0.625s] INFO:colcon.colcon_core.shell:Skip shell extension 'powershell' for command environment: Not usable outside of PowerShell
[0.625s] DEBUG:colcon.colcon_core.shell:Skip shell extension 'dsv' for command environment
[1.950s] DEBUG:colcon.colcon_core.event_handler.log_command:Invoking command in '/home/stipe/weedingRobot/src/coordinate_sender': PYTHONPATH=/home/stipe/weedingRobot/src/build/coordinate_sender/prefix_override:/usr/lib/python3/dist-packages/colcon_core/task/python/colcon_distutils_commands:/home/stipe/weedingRobot/src/install/coordinate_sender/lib/python3.12/site-packages:${PYTHONPATH} /usr/bin/python3 -W ignore:setup.py install is deprecated -W ignore:easy_install command is deprecated setup.py egg_info --egg-base ../build/coordinate_sender build --build-base /home/stipe/weedingRobot/src/build/coordinate_sender/build install --record /home/stipe/weedingRobot/src/build/coordinate_sender/install.log --single-version-externally-managed install_data
[2.632s] DEBUG:colcon.colcon_core.event_handler.log_command:Invoked command in '/home/stipe/weedingRobot/src/coordinate_sender' returned '0': PYTHONPATH=/home/stipe/weedingRobot/src/build/coordinate_sender/prefix_override:/usr/lib/python3/dist-packages/colcon_core/task/python/colcon_distutils_commands:/home/stipe/weedingRobot/src/install/coordinate_sender/lib/python3.12/site-packages:${PYTHONPATH} /usr/bin/python3 -W ignore:setup.py install is deprecated -W ignore:easy_install command is deprecated setup.py egg_info --egg-base ../build/coordinate_sender build --build-base /home/stipe/weedingRobot/src/build/coordinate_sender/build install --record /home/stipe/weedingRobot/src/build/coordinate_sender/install.log --single-version-externally-managed install_data
[2.634s] Level 1:colcon.colcon_core.environment:checking '/home/stipe/weedingRobot/src/install/coordinate_sender' for CMake module files
[2.635s] Level 1:colcon.colcon_core.environment:checking '/home/stipe/weedingRobot/src/install/coordinate_sender' for CMake config files
[2.636s] Level 1:colcon.colcon_core.environment:checking '/home/stipe/weedingRobot/src/install/coordinate_sender/lib'
[2.636s] Level 1:colcon.colcon_core.environment:checking '/home/stipe/weedingRobot/src/install/coordinate_sender/bin'
[2.636s] Level 1:colcon.colcon_core.environment:checking '/home/stipe/weedingRobot/src/install/coordinate_sender/lib/pkgconfig/coordinate_sender.pc'
[2.636s] Level 1:colcon.colcon_core.environment:checking '/home/stipe/weedingRobot/src/install/coordinate_sender/lib/python3.12/site-packages'
[2.636s] Level 1:colcon.colcon_core.shell:create_environment_hook('coordinate_sender', 'pythonpath')
[2.637s] INFO:colcon.colcon_core.shell:Creating environment hook '/home/stipe/weedingRobot/src/install/coordinate_sender/share/coordinate_sender/hook/pythonpath.ps1'
[2.637s] INFO:colcon.colcon_core.shell:Creating environment descriptor '/home/stipe/weedingRobot/src/install/coordinate_sender/share/coordinate_sender/hook/pythonpath.dsv'
[2.637s] INFO:colcon.colcon_core.shell:Creating environment hook '/home/stipe/weedingRobot/src/install/coordinate_sender/share/coordinate_sender/hook/pythonpath.sh'
[2.638s] Level 1:colcon.colcon_core.environment:checking '/home/stipe/weedingRobot/src/install/coordinate_sender/bin'
[2.638s] Level 1:colcon.colcon_core.environment:create_environment_scripts_only(coordinate_sender)
[2.639s] INFO:colcon.colcon_core.shell:Creating package script '/home/stipe/weedingRobot/src/install/coordinate_sender/share/coordinate_sender/package.ps1'
[2.639s] INFO:colcon.colcon_core.shell:Creating package descriptor '/home/stipe/weedingRobot/src/install/coordinate_sender/share/coordinate_sender/package.dsv'
[2.640s] INFO:colcon.colcon_core.shell:Creating package script '/home/stipe/weedingRobot/src/install/coordinate_sender/share/coordinate_sender/package.sh'
[2.641s] INFO:colcon.colcon_core.shell:Creating package script '/home/stipe/weedingRobot/src/install/coordinate_sender/share/coordinate_sender/package.bash'
[2.642s] INFO:colcon.colcon_core.shell:Creating package script '/home/stipe/weedingRobot/src/install/coordinate_sender/share/coordinate_sender/package.zsh'
[2.642s] Level 1:colcon.colcon_core.environment:create_file_with_runtime_dependencies(/home/stipe/weedingRobot/src/install/coordinate_sender/share/colcon-core/packages/coordinate_sender)
[2.643s] DEBUG:colcon.colcon_parallel_executor.executor.parallel:closing loop
[2.643s] DEBUG:colcon.colcon_parallel_executor.executor.parallel:loop closed
[2.643s] DEBUG:colcon.colcon_parallel_executor.executor.parallel:run_until_complete finished with '0'
[2.644s] DEBUG:colcon.colcon_core.event_reactor:joining thread
[2.651s] INFO:colcon.colcon_core.plugin_system:Skipping extension 'colcon_notification.desktop_notification.terminal_notifier': Not used on non-Darwin systems
[2.651s] INFO:colcon.colcon_core.plugin_system:Skipping extension 'colcon_notification.desktop_notification.win32': Not used on non-Windows systems
[2.651s] INFO:colcon.colcon_notification.desktop_notification:Sending desktop notification using 'notify2'
[2.652s] DEBUG:colcon.colcon_notification.desktop_notification.notify2:Failed to initialize notify2: org.freedesktop.DBus.Error.ServiceUnknown: The name org.freedesktop.Notifications was not provided by any .service files
[2.652s] DEBUG:colcon.colcon_core.event_reactor:joined thread
[2.653s] INFO:colcon.colcon_core.shell:Creating prefix script '/home/stipe/weedingRobot/src/install/local_setup.ps1'
[2.654s] INFO:colcon.colcon_core.shell:Creating prefix util module '/home/stipe/weedingRobot/src/install/_local_setup_util_ps1.py'
[2.655s] INFO:colcon.colcon_core.shell:Creating prefix chain script '/home/stipe/weedingRobot/src/install/setup.ps1'
[2.657s] INFO:colcon.colcon_core.shell:Creating prefix script '/home/stipe/weedingRobot/src/install/local_setup.sh'
[2.657s] INFO:colcon.colcon_core.shell:Creating prefix util module '/home/stipe/weedingRobot/src/install/_local_setup_util_sh.py'
[2.658s] INFO:colcon.colcon_core.shell:Creating prefix chain script '/home/stipe/weedingRobot/src/install/setup.sh'
[2.659s] INFO:colcon.colcon_core.shell:Creating prefix script '/home/stipe/weedingRobot/src/install/local_setup.bash'
[2.660s] INFO:colcon.colcon_core.shell:Creating prefix chain script '/home/stipe/weedingRobot/src/install/setup.bash'
[2.661s] INFO:colcon.colcon_core.shell:Creating prefix script '/home/stipe/weedingRobot/src/install/local_setup.zsh'
[2.662s] INFO:colcon.colcon_core.shell:Creating prefix chain script '/home/stipe/weedingRobot/src/install/setup.zsh'
